<?xml version="1.0" encoding="UTF-8"?>
<testng-results skipped="0" failed="0" ignored="0" total="1" passed="1">
  <reporter-output>
  </reporter-output>
  <suite name="Default suite" duration-ms="11352" started-at="2019-04-06T09:45:15Z" finished-at="2019-04-06T09:45:26Z">
    <groups>
    </groups>
    <test name="Default test" duration-ms="11352" started-at="2019-04-06T09:45:15Z" finished-at="2019-04-06T09:45:26Z">
      <class name="com.qa.hs.test.LoginTest">
        <test-method status="PASS" signature="loginTest()[pri:0, instance:com.qa.hs.test.LoginTest@224edc67]" name="loginTest" duration-ms="11292" started-at="2019-04-06T09:45:15Z" finished-at="2019-04-06T09:45:26Z">
          <reporter-output>
          </reporter-output>
        </test-method> <!-- loginTest -->
      </class> <!-- com.qa.hs.test.LoginTest -->
    </test> <!-- Default test -->
  </suite> <!-- Default suite -->
</testng-results>
